<?xml version="1.0" encoding="UTF-8"?>
<!-- Generated by org.testng.reporters.JUnitXMLReporter -->
<testsuite ignored="0" hostname="JNFTDL3" failures="1" tests="1" name="Test" time="0.031" errors="0" timestamp="2022-08-09T10:11:45 IST">
  <testcase classname="screenshot.screenshot_task" name="TC01" time="0.006">
    <failure type="java.lang.AssertionError" message="null">
      <![CDATA[java.lang.AssertionError: null
at screenshot.screenshot_task.TC01(screenshot_task.java:34)
at java.base/java.util.ArrayList.forEach(ArrayList.java:1511)
... Removed 29 stack frames]]>
    </failure>
  </testcase> <!-- TC01 -->
</testsuite> <!-- Test -->
